  ChaosGame.cpp
C:\Users\LEAH\source\repos\LRChaosGame\code\ChaosGame.cpp(50,71): warning C4244: 'argument': conversion from 'int' to 'T', possible loss of data
C:\Users\LEAH\source\repos\LRChaosGame\code\ChaosGame.cpp(50,71): warning C4244:         with
C:\Users\LEAH\source\repos\LRChaosGame\code\ChaosGame.cpp(50,71): warning C4244:         [
C:\Users\LEAH\source\repos\LRChaosGame\code\ChaosGame.cpp(50,71): warning C4244:             T=float
C:\Users\LEAH\source\repos\LRChaosGame\code\ChaosGame.cpp(50,71): warning C4244:         ]
C:\Users\LEAH\source\repos\LRChaosGame\code\ChaosGame.cpp(50,50): warning C4244: 'argument': conversion from 'int' to 'T', possible loss of data
C:\Users\LEAH\source\repos\LRChaosGame\code\ChaosGame.cpp(50,50): warning C4244:         with
C:\Users\LEAH\source\repos\LRChaosGame\code\ChaosGame.cpp(50,50): warning C4244:         [
C:\Users\LEAH\source\repos\LRChaosGame\code\ChaosGame.cpp(50,50): warning C4244:             T=float
C:\Users\LEAH\source\repos\LRChaosGame\code\ChaosGame.cpp(50,50): warning C4244:         ]
C:\Users\LEAH\source\repos\LRChaosGame\code\ChaosGame.cpp(56,70): warning C4244: 'argument': conversion from 'int' to 'T', possible loss of data
C:\Users\LEAH\source\repos\LRChaosGame\code\ChaosGame.cpp(56,70): warning C4244:         with
C:\Users\LEAH\source\repos\LRChaosGame\code\ChaosGame.cpp(56,70): warning C4244:         [
C:\Users\LEAH\source\repos\LRChaosGame\code\ChaosGame.cpp(56,70): warning C4244:             T=float
C:\Users\LEAH\source\repos\LRChaosGame\code\ChaosGame.cpp(56,70): warning C4244:         ]
C:\Users\LEAH\source\repos\LRChaosGame\code\ChaosGame.cpp(56,49): warning C4244: 'argument': conversion from 'int' to 'T', possible loss of data
C:\Users\LEAH\source\repos\LRChaosGame\code\ChaosGame.cpp(56,49): warning C4244:         with
C:\Users\LEAH\source\repos\LRChaosGame\code\ChaosGame.cpp(56,49): warning C4244:         [
C:\Users\LEAH\source\repos\LRChaosGame\code\ChaosGame.cpp(56,49): warning C4244:             T=float
C:\Users\LEAH\source\repos\LRChaosGame\code\ChaosGame.cpp(56,49): warning C4244:         ]
C:\Users\LEAH\source\repos\LRChaosGame\code\ChaosGame.cpp(91,20): warning C4018: '<': signed/unsigned mismatch
C:\Users\LEAH\source\repos\LRChaosGame\code\ChaosGame.cpp(99,21): warning C4018: '<': signed/unsigned mismatch
C:\Users\LEAH\source\repos\LRChaosGame\code\ChaosGame.cpp(89,8): warning C4996: 'sf::Text::setColor': was declared deprecated
ChaosGame.obj : error LNK2019: unresolved external symbol "__declspec(dllimport) public: __thiscall sf::String::String(char const *,class std::locale const &)" (__imp_??0String@sf@@QAE@PBDABVlocale@std@@@Z) referenced in function _main
ChaosGame.obj : error LNK2019: unresolved external symbol "__declspec(dllimport) public: __thiscall sf::String::~String(void)" (__imp_??1String@sf@@QAE@XZ) referenced in function _main
ChaosGame.obj : error LNK2019: unresolved external symbol "__declspec(dllimport) public: static bool __cdecl sf::Keyboard::isKeyPressed(enum sf::Keyboard::Key)" (__imp_?isKeyPressed@Keyboard@sf@@SA_NW4Key@12@@Z) referenced in function _main
ChaosGame.obj : error LNK2019: unresolved external symbol "__declspec(dllimport) public: __thiscall sf::VideoMode::VideoMode(unsigned int,unsigned int,unsigned int)" (__imp_??0VideoMode@sf@@QAE@III@Z) referenced in function _main
ChaosGame.obj : error LNK2019: unresolved external symbol "__declspec(dllimport) public: bool __thiscall sf::WindowBase::isOpen(void)const " (__imp_?isOpen@WindowBase@sf@@QBE_NXZ) referenced in function _main
ChaosGame.obj : error LNK2019: unresolved external symbol "__declspec(dllimport) public: bool __thiscall sf::WindowBase::pollEvent(class sf::Event &)" (__imp_?pollEvent@WindowBase@sf@@QAE_NAAVEvent@2@@Z) referenced in function _main
ChaosGame.obj : error LNK2019: unresolved external symbol "__declspec(dllimport) public: virtual void __thiscall sf::Window::close(void)" (__imp_?close@Window@sf@@UAEXXZ) referenced in function _main
ChaosGame.obj : error LNK2019: unresolved external symbol "__declspec(dllimport) public: void __thiscall sf::Window::display(void)" (__imp_?display@Window@sf@@QAEXXZ) referenced in function _main
ChaosGame.obj : error LNK2019: unresolved external symbol "__declspec(dllimport) public: void __thiscall sf::Transformable::setPosition(class sf::Vector2<float> const &)" (__imp_?setPosition@Transformable@sf@@QAEXABV?$Vector2@M@2@@Z) referenced in function _main
ChaosGame.obj : error LNK2019: unresolved external symbol "__declspec(dllimport) public: __thiscall sf::Color::Color(unsigned char,unsigned char,unsigned char,unsigned char)" (__imp_??0Color@sf@@QAE@EEEE@Z) referenced in function _main
ChaosGame.obj : error LNK2019: unresolved external symbol "__declspec(dllimport) public: void __thiscall sf::Shape::setFillColor(class sf::Color const &)" (__imp_?setFillColor@Shape@sf@@QAEXABVColor@2@@Z) referenced in function _main
ChaosGame.obj : error LNK2019: unresolved external symbol "__declspec(dllimport) public: __thiscall sf::Font::Font(void)" (__imp_??0Font@sf@@QAE@XZ) referenced in function _main
ChaosGame.obj : error LNK2019: unresolved external symbol "__declspec(dllimport) public: __thiscall sf::Font::~Font(void)" (__imp_??1Font@sf@@QAE@XZ) referenced in function _main
ChaosGame.obj : error LNK2019: unresolved external symbol "__declspec(dllimport) public: bool __thiscall sf::Font::loadFromFile(class std::basic_string<char,struct std::char_traits<char>,class std::allocator<char> > const &)" (__imp_?loadFromFile@Font@sf@@QAE_NABV?$basic_string@DU?$char_traits@D@std@@V?$allocator@D@2@@std@@@Z) referenced in function _main
ChaosGame.obj : error LNK2019: unresolved external symbol "__declspec(dllimport) public: __thiscall sf::RectangleShape::RectangleShape(class sf::Vector2<float> const &)" (__imp_??0RectangleShape@sf@@QAE@ABV?$Vector2@M@1@@Z) referenced in function _main
ChaosGame.obj : error LNK2019: unresolved external symbol "__declspec(dllimport) public: virtual __thiscall sf::RectangleShape::~RectangleShape(void)" (__imp_??1RectangleShape@sf@@UAE@XZ) referenced in function _main
ChaosGame.obj : error LNK2019: unresolved external symbol "__declspec(dllimport) public: void __thiscall sf::RenderTarget::clear(class sf::Color const &)" (__imp_?clear@RenderTarget@sf@@QAEXABVColor@2@@Z) referenced in function _main
ChaosGame.obj : error LNK2019: unresolved external symbol "__declspec(dllimport) public: void __thiscall sf::RenderTarget::draw(class sf::Drawable const &,class sf::RenderStates const &)" (__imp_?draw@RenderTarget@sf@@QAEXABVDrawable@2@ABVRenderStates@2@@Z) referenced in function _main
ChaosGame.obj : error LNK2019: unresolved external symbol "__declspec(dllimport) public: __thiscall sf::RenderWindow::RenderWindow(class sf::VideoMode,class sf::String const &,unsigned int,struct sf::ContextSettings const &)" (__imp_??0RenderWindow@sf@@QAE@VVideoMode@1@ABVString@1@IABUContextSettings@1@@Z) referenced in function _main
ChaosGame.obj : error LNK2019: unresolved external symbol "__declspec(dllimport) public: virtual __thiscall sf::RenderWindow::~RenderWindow(void)" (__imp_??1RenderWindow@sf@@UAE@XZ) referenced in function _main
ChaosGame.obj : error LNK2019: unresolved external symbol "__declspec(dllimport) public: __thiscall sf::Text::Text(class sf::String const &,class sf::Font const &,unsigned int)" (__imp_??0Text@sf@@QAE@ABVString@1@ABVFont@1@I@Z) referenced in function _main
ChaosGame.obj : error LNK2019: unresolved external symbol "__declspec(dllimport) public: void __thiscall sf::Text::setColor(class sf::Color const &)" (__imp_?setColor@Text@sf@@QAEXABVColor@2@@Z) referenced in function _main
ChaosGame.obj : error LNK2019: unresolved external symbol "__declspec(dllimport) public: virtual __thiscall sf::Text::~Text(void)" (__imp_??1Text@sf@@UAE@XZ) referenced in function _main
ChaosGame.obj : error LNK2019: unresolved external symbol "__declspec(dllimport) public: static class sf::RenderStates const sf::RenderStates::Default" (__imp_?Default@RenderStates@sf@@2V12@B) referenced in function _main
ChaosGame.obj : error LNK2019: unresolved external symbol "__declspec(dllimport) public: static class sf::Color const sf::Color::Green" (__imp_?Green@Color@sf@@2V12@B) referenced in function _main
ChaosGame.obj : error LNK2019: unresolved external symbol "__declspec(dllimport) public: static class sf::Color const sf::Color::Blue" (__imp_?Blue@Color@sf@@2V12@B) referenced in function _main
C:\SFML\SFML-2.6.2\lib\sfml-graphics-d.lib : warning LNK4272: library machine type 'x64' conflicts with target machine type 'x86'
C:\SFML\SFML-2.6.2\lib\sfml-window-d.lib : warning LNK4272: library machine type 'x64' conflicts with target machine type 'x86'
C:\SFML\SFML-2.6.2\lib\sfml-system-d.lib : warning LNK4272: library machine type 'x64' conflicts with target machine type 'x86'
C:\SFML\SFML-2.6.2\lib\sfml-network-d.lib : warning LNK4272: library machine type 'x64' conflicts with target machine type 'x86'
C:\SFML\SFML-2.6.2\lib\sfml-audio-d.lib : warning LNK4272: library machine type 'x64' conflicts with target machine type 'x86'
C:\Users\LEAH\source\repos\LRChaosGame\Debug\LRChaosGame.exe : fatal error LNK1120: 26 unresolved externals
